<?xml version="1.0" encoding="UTF-8"?>
<!-- Generated by org.testng.reporters.JUnitReportReporter -->
<testsuite hostname="Werners-MacBook-Pro.local" name="bwi.prog2D.SS2015.wi14b128_Leitner.ExerciseSheet03.tests.TVShowTest" tests="19" failures="0" timestamp="29 Mar 2015 18:58:36 GMT" time="0.516" errors="1">
  <testcase name="setViewers" time="0.024" classname="bwi.prog2D.SS2015.wi14b128_Leitner.ExerciseSheet03.tests.TVShowTest"/>
  <testcase name="TVShow" time="0.038" classname="bwi.prog2D.SS2015.wi14b128_Leitner.ExerciseSheet03.tests.TVShowTest"/>
  <testcase name="impact" time="0.010" classname="bwi.prog2D.SS2015.wi14b128_Leitner.ExerciseSheet03.tests.TVShowTest"/>
  <testcase name="impact" time="0.003" classname="bwi.prog2D.SS2015.wi14b128_Leitner.ExerciseSheet03.tests.TVShowTest"/>
  <testcase name="getViewers" time="0.003" classname="bwi.prog2D.SS2015.wi14b128_Leitner.ExerciseSheet03.tests.TVShowTest"/>
  <testcase name="getViewers" time="0.004" classname="bwi.prog2D.SS2015.wi14b128_Leitner.ExerciseSheet03.tests.TVShowTest"/>
  <testcase name="setViewers" time="0.003" classname="bwi.prog2D.SS2015.wi14b128_Leitner.ExerciseSheet03.tests.TVShowTest"/>
  <testcase name="getViewers" time="0.002" classname="bwi.prog2D.SS2015.wi14b128_Leitner.ExerciseSheet03.tests.TVShowTest"/>
  <testcase name="impact" time="0.007" classname="bwi.prog2D.SS2015.wi14b128_Leitner.ExerciseSheet03.tests.TVShowTest"/>
  <testcase name="impact" time="0.007" classname="bwi.prog2D.SS2015.wi14b128_Leitner.ExerciseSheet03.tests.TVShowTest"/>
  <testcase name="testtoString2" time="0.345" classname="bwi.prog2D.SS2015.wi14b128_Leitner.ExerciseSheet03.tests.TVShowTest">
    <error type="java.lang.AssertionError" message="expected [cool artist @ Late night show on 09.03.2015
my fancy description
(70 attending (140))] but found [cool artist @ Late night show on 01.01.1970
my fancy description
(70 attending (140))]">
      <![CDATA[java.lang.AssertionError: expected [cool artist @ Late night show on 09.03.2015
my fancy description
(70 attending (140))] but found [cool artist @ Late night show on 01.01.1970
my fancy description
(70 attending (140))]
	at org.testng.Assert.fail(Assert.java:94)
	at org.testng.Assert.failNotEquals(Assert.java:494)
	at org.testng.Assert.assertEquals(Assert.java:123)
	at org.testng.Assert.assertEquals(Assert.java:176)
	at org.testng.Assert.assertEquals(Assert.java:186)
	at bwi.prog2D.SS2015.wi14b128_Leitner.ExerciseSheet03.tests.TVShowTest.testtoString2(TVShowTest.java:277)
	at sun.reflect.NativeMethodAccessorImpl.invoke0(Native Method)
	at sun.reflect.NativeMethodAccessorImpl.invoke(NativeMethodAccessorImpl.java:62)
	at sun.reflect.DelegatingMethodAccessorImpl.invoke(DelegatingMethodAccessorImpl.java:43)
	at java.lang.reflect.Method.invoke(Method.java:483)
	at org.testng.internal.MethodInvocationHelper.invokeMethod(MethodInvocationHelper.java:84)
	at org.testng.internal.Invoker.invokeMethod(Invoker.java:714)
	at org.testng.internal.Invoker.invokeTestMethod(Invoker.java:901)
	at org.testng.internal.Invoker.invokeTestMethods(Invoker.java:1231)
	at org.testng.internal.TestMethodWorker.invokeTestMethods(TestMethodWorker.java:127)
	at org.testng.internal.TestMethodWorker.run(TestMethodWorker.java:111)
	at org.testng.TestRunner.privateRun(TestRunner.java:767)
	at org.testng.TestRunner.run(TestRunner.java:617)
	at org.testng.SuiteRunner.runTest(SuiteRunner.java:334)
	at org.testng.SuiteRunner.runSequentially(SuiteRunner.java:329)
	at org.testng.SuiteRunner.privateRun(SuiteRunner.java:291)
	at org.testng.SuiteRunner.run(SuiteRunner.java:240)
	at org.testng.SuiteRunnerWorker.runSuite(SuiteRunnerWorker.java:52)
	at org.testng.SuiteRunnerWorker.run(SuiteRunnerWorker.java:86)
	at org.testng.TestNG.runSuitesSequentially(TestNG.java:1224)
	at org.testng.TestNG.runSuitesLocally(TestNG.java:1149)
	at org.testng.TestNG.run(TestNG.java:1057)
	at org.testng.remote.RemoteTestNG.run(RemoteTestNG.java:111)
	at org.testng.remote.RemoteTestNG.initAndRun(RemoteTestNG.java:204)
	at org.testng.remote.RemoteTestNG.main(RemoteTestNG.java:175)
]]>
    </error>
  </testcase> <!-- testtoString2 -->
  <testcase name="TVShowEvent" time="0.023" classname="bwi.prog2D.SS2015.wi14b128_Leitner.ExerciseSheet03.tests.TVShowTest"/>
  <testcase name="getName" time="0.007" classname="bwi.prog2D.SS2015.wi14b128_Leitner.ExerciseSheet03.tests.TVShowTest"/>
  <testcase name="getName" time="0.007" classname="bwi.prog2D.SS2015.wi14b128_Leitner.ExerciseSheet03.tests.TVShowTest"/>
  <testcase name="setName" time="0.009" classname="bwi.prog2D.SS2015.wi14b128_Leitner.ExerciseSheet03.tests.TVShowTest"/>
  <testcase name="setName" time="0.002" classname="bwi.prog2D.SS2015.wi14b128_Leitner.ExerciseSheet03.tests.TVShowTest"/>
  <testcase name="testtoString" time="0.008" classname="bwi.prog2D.SS2015.wi14b128_Leitner.ExerciseSheet03.tests.TVShowTest"/>
  <testcase name="TVShowTVShow" time="0.010" classname="bwi.prog2D.SS2015.wi14b128_Leitner.ExerciseSheet03.tests.TVShowTest"/>
  <testcase name="setViewers" time="0.004" classname="bwi.prog2D.SS2015.wi14b128_Leitner.ExerciseSheet03.tests.TVShowTest"/>
</testsuite> <!-- bwi.prog2D.SS2015.wi14b128_Leitner.ExerciseSheet03.tests.TVShowTest -->
