<?xml version="1.0" encoding="UTF-8"?>
<!-- Generated by org.testng.reporters.JUnitReportReporter -->
<testsuite hostname="Werners-MacBook-Pro.local" name="bwi.prog2D.SS2015.wi14b128_Leitner.ExerciseSheet03.tests.ConcertTest" tests="10" failures="0" timestamp="29 Mar 2015 18:59:40 GMT" time="0.340" errors="1">
  <testcase name="testtoString" time="0.021" classname="bwi.prog2D.SS2015.wi14b128_Leitner.ExerciseSheet03.tests.ConcertTest"/>
  <testcase name="testtoString2" time="0.240" classname="bwi.prog2D.SS2015.wi14b128_Leitner.ExerciseSheet03.tests.ConcertTest">
    <error type="java.lang.AssertionError" message="expected [cool artist @ my Venue on 09.03.2015
my fancy description
(50 attending (150))
10 tracks played, total duration 01:15.] but found [cool artist @ my Venue on 01.01.1970
my fancy description
(50 attending (150))
10 tracks played, total duration 01:15.]">
      <![CDATA[java.lang.AssertionError: expected [cool artist @ my Venue on 09.03.2015
my fancy description
(50 attending (150))
10 tracks played, total duration 01:15.] but found [cool artist @ my Venue on 01.01.1970
my fancy description
(50 attending (150))
10 tracks played, total duration 01:15.]
	at org.testng.Assert.fail(Assert.java:94)
	at org.testng.Assert.failNotEquals(Assert.java:494)
	at org.testng.Assert.assertEquals(Assert.java:123)
	at org.testng.Assert.assertEquals(Assert.java:176)
	at org.testng.Assert.assertEquals(Assert.java:186)
	at bwi.prog2D.SS2015.wi14b128_Leitner.ExerciseSheet03.tests.ConcertTest.testtoString2(ConcertTest.java:333)
	at sun.reflect.NativeMethodAccessorImpl.invoke0(Native Method)
	at sun.reflect.NativeMethodAccessorImpl.invoke(NativeMethodAccessorImpl.java:62)
	at sun.reflect.DelegatingMethodAccessorImpl.invoke(DelegatingMethodAccessorImpl.java:43)
	at java.lang.reflect.Method.invoke(Method.java:483)
	at org.testng.internal.MethodInvocationHelper.invokeMethod(MethodInvocationHelper.java:84)
	at org.testng.internal.Invoker.invokeMethod(Invoker.java:714)
	at org.testng.internal.Invoker.invokeTestMethod(Invoker.java:901)
	at org.testng.internal.Invoker.invokeTestMethods(Invoker.java:1231)
	at org.testng.internal.TestMethodWorker.invokeTestMethods(TestMethodWorker.java:127)
	at org.testng.internal.TestMethodWorker.run(TestMethodWorker.java:111)
	at org.testng.TestRunner.privateRun(TestRunner.java:767)
	at org.testng.TestRunner.run(TestRunner.java:617)
	at org.testng.SuiteRunner.runTest(SuiteRunner.java:334)
	at org.testng.SuiteRunner.runSequentially(SuiteRunner.java:329)
	at org.testng.SuiteRunner.privateRun(SuiteRunner.java:291)
	at org.testng.SuiteRunner.run(SuiteRunner.java:240)
	at org.testng.SuiteRunnerWorker.runSuite(SuiteRunnerWorker.java:52)
	at org.testng.SuiteRunnerWorker.run(SuiteRunnerWorker.java:86)
	at org.testng.TestNG.runSuitesSequentially(TestNG.java:1224)
	at org.testng.TestNG.runSuitesLocally(TestNG.java:1149)
	at org.testng.TestNG.run(TestNG.java:1057)
	at org.testng.remote.RemoteTestNG.run(RemoteTestNG.java:111)
	at org.testng.remote.RemoteTestNG.initAndRun(RemoteTestNG.java:204)
	at org.testng.remote.RemoteTestNG.main(RemoteTestNG.java:175)
]]>
    </error>
  </testcase> <!-- testtoString2 -->
  <testcase name="addTrack" time="0.012" classname="bwi.prog2D.SS2015.wi14b128_Leitner.ExerciseSheet03.tests.ConcertTest"/>
  <testcase name="setSetListWithNull" time="0.006" classname="bwi.prog2D.SS2015.wi14b128_Leitner.ExerciseSheet03.tests.ConcertTest"/>
  <testcase name="duration" time="0.002" classname="bwi.prog2D.SS2015.wi14b128_Leitner.ExerciseSheet03.tests.ConcertTest"/>
  <testcase name="nrTracks" time="0.049" classname="bwi.prog2D.SS2015.wi14b128_Leitner.ExerciseSheet03.tests.ConcertTest"/>
  <testcase name="impact" time="0.001" classname="bwi.prog2D.SS2015.wi14b128_Leitner.ExerciseSheet03.tests.ConcertTest"/>
  <testcase name="getSetList" time="0.003" classname="bwi.prog2D.SS2015.wi14b128_Leitner.ExerciseSheet03.tests.ConcertTest"/>
  <testcase name="setSetListBasics" time="0.003" classname="bwi.prog2D.SS2015.wi14b128_Leitner.ExerciseSheet03.tests.ConcertTest"/>
  <testcase name="resetSetList" time="0.003" classname="bwi.prog2D.SS2015.wi14b128_Leitner.ExerciseSheet03.tests.ConcertTest"/>
</testsuite> <!-- bwi.prog2D.SS2015.wi14b128_Leitner.ExerciseSheet03.tests.ConcertTest -->
